2014-11-10 15:14:28,374 - [INFO] - from play in pool-4-thread-3 
Listening for HTTP on /0:0:0:0:0:0:0:0:9000

2014-11-10 15:15:15,958 - [ERROR] - from application in New I/O worker #1 


! @6k6gi3n4g - Internal server error, for (GET) [/] ->

play.PlayExceptions$AssetCompilationException: Compilation error[TypeScript compiler: Capturing the output of the command `cmd /C tsc --module amd --sourcemap --outDir C:\Users\DELTA9~1\AppData\Local\Temp\1415650480777-1 C:\D\projects\playframework-learn\puremvc-typescript-play-demo-employeeadmin\app\assets\javascripts\ApplicationFacade.ts`:C:/D/projects/playframework-learn/puremvc-typescript-play-demo-employeeadmin/app/assets/javascripts//model/enum/RoleEnum.ts(1,1): error TS6053: File 'C:/D/projects/playframework-learn/puremvc-typescript-play-demo-employeeadmin/app/assets/javascripts/lib/puremvc/puremvc-typescript-standard-1.0.d.ts' not found.]
	at com.github.mumoshu.play2.typescript.TypeScriptCompiler$.compile(TypeScriptCompiler.scala:74) ~[na:na]
	at com.github.mumoshu.play2.typescript.TypeScriptSettings$$anonfun$3.apply(TypeScriptSettings.scala:19) ~[na:na]
	at com.github.mumoshu.play2.typescript.TypeScriptSettings$$anonfun$3.apply(TypeScriptSettings.scala:17) ~[na:na]
	at play.PlayAssetsCompiler$$anonfun$AssetsCompiler$1$$anonfun$3.liftedTree1$1(PlayAssetsCompiler.scala:52) ~[na:na]
	at play.PlayAssetsCompiler$$anonfun$AssetsCompiler$1$$anonfun$3.apply(PlayAssetsCompiler.scala:51) ~[na:na]
	at play.PlayAssetsCompiler$$anonfun$AssetsCompiler$1$$anonfun$3.apply(PlayAssetsCompiler.scala:48) ~[na:na]
	at scala.collection.TraversableLike$$anonfun$flatMap$1.apply(TraversableLike.scala:251) ~[scala-library-2.10.2.jar:na]
	at scala.collection.TraversableLike$$anonfun$flatMap$1.apply(TraversableLike.scala:251) ~[scala-library-2.10.2.jar:na]
	at scala.collection.mutable.ResizableArray$class.foreach(ResizableArray.scala:59) ~[scala-library-2.10.2.jar:na]
	at scala.collection.mutable.ArrayBuffer.foreach(ArrayBuffer.scala:47) ~[scala-library-2.10.2.jar:na]
	at scala.collection.TraversableLike$class.flatMap(TraversableLike.scala:251) ~[scala-library-2.10.2.jar:na]
	at scala.collection.AbstractTraversable.flatMap(Traversable.scala:105) ~[scala-library-2.10.2.jar:na]
	at play.PlayAssetsCompiler$$anonfun$AssetsCompiler$1.apply(PlayAssetsCompiler.scala:48) ~[na:na]
	at play.PlayAssetsCompiler$$anonfun$AssetsCompiler$1.apply(PlayAssetsCompiler.scala:21) ~[na:na]
	at scala.Function7$$anonfun$tupled$1.apply(Function7.scala:35) ~[scala-library-2.10.2.jar:na]
	at scala.Function7$$anonfun$tupled$1.apply(Function7.scala:34) ~[scala-library-2.10.2.jar:na]
	at scala.Function1$$anonfun$compose$1.apply(Function1.scala:47) ~[scala-library-2.10.2.jar:na]
	at sbt.$tilde$greater$$anonfun$$u2219$1.apply(TypeFunctions.scala:40) ~[na:na]
	at sbt.std.Transform$$anon$4.work(System.scala:63) ~[na:na]
	at sbt.Execute$$anonfun$submit$1$$anonfun$apply$1.apply(Execute.scala:226) ~[na:na]
	at sbt.Execute$$anonfun$submit$1$$anonfun$apply$1.apply(Execute.scala:226) ~[na:na]
	at sbt.ErrorHandling$.wideConvert(ErrorHandling.scala:17) ~[na:na]
	at sbt.Execute.work(Execute.scala:235) ~[na:na]
	at sbt.Execute$$anonfun$submit$1.apply(Execute.scala:226) ~[na:na]
	at sbt.Execute$$anonfun$submit$1.apply(Execute.scala:226) ~[na:na]
	at sbt.ConcurrentRestrictions$$anon$4$$anonfun$1.apply(ConcurrentRestrictions.scala:159) ~[na:na]
	at sbt.CompletionService$$anon$2.call(CompletionService.scala:28) ~[na:na]
	at java.util.concurrent.FutureTask.run(FutureTask.java:266) ~[na:1.8.0_25]
	at java.util.concurrent.Executors$RunnableAdapter.call(Executors.java:511) ~[na:1.8.0_25]
	at java.util.concurrent.FutureTask.run(FutureTask.java:266) ~[na:1.8.0_25]
	at java.util.concurrent.ThreadPoolExecutor.runWorker(ThreadPoolExecutor.java:1142) [na:1.8.0_25]
	at java.util.concurrent.ThreadPoolExecutor$Worker.run(ThreadPoolExecutor.java:617) [na:1.8.0_25]
	at java.lang.Thread.run(Thread.java:745) [na:1.8.0_25]

2014-11-10 15:15:16,302 - [WARN] - from play in New I/O worker #1 
No application found at invoker init

2014-11-10 15:16:48,141 - [ERROR] - from application in New I/O worker #1 


! @6k6gib1c0 - Internal server error, for (GET) [/] ->

play.PlayExceptions$AssetCompilationException: Compilation error[TypeScript compiler: Capturing the output of the command `cmd /C tsc --module amd --sourcemap --outDir C:\Users\DELTA9~1\AppData\Local\Temp\1415650605388-1 C:\D\projects\playframework-learn\puremvc-typescript-play-demo-employeeadmin\app\assets\javascripts\ApplicationFacade.ts`:C:/D/projects/playframework-learn/puremvc-typescript-play-demo-employeeadmin/app/assets/javascripts/ApplicationFacade.ts(1,1): error TS6053: File 'C:/D/projects/playframework-learn/puremvc-typescript-play-demo-employeeadmin/lib/puremvc/puremvc-typescript-standard-1.0.d.ts' not found.]
	at com.github.mumoshu.play2.typescript.TypeScriptCompiler$.compile(TypeScriptCompiler.scala:74) ~[na:na]
	at com.github.mumoshu.play2.typescript.TypeScriptSettings$$anonfun$3.apply(TypeScriptSettings.scala:19) ~[na:na]
	at com.github.mumoshu.play2.typescript.TypeScriptSettings$$anonfun$3.apply(TypeScriptSettings.scala:17) ~[na:na]
	at play.PlayAssetsCompiler$$anonfun$AssetsCompiler$1$$anonfun$3.liftedTree1$1(PlayAssetsCompiler.scala:52) ~[na:na]
	at play.PlayAssetsCompiler$$anonfun$AssetsCompiler$1$$anonfun$3.apply(PlayAssetsCompiler.scala:51) ~[na:na]
	at play.PlayAssetsCompiler$$anonfun$AssetsCompiler$1$$anonfun$3.apply(PlayAssetsCompiler.scala:48) ~[na:na]
	at scala.collection.TraversableLike$$anonfun$flatMap$1.apply(TraversableLike.scala:251) ~[scala-library-2.10.2.jar:na]
	at scala.collection.TraversableLike$$anonfun$flatMap$1.apply(TraversableLike.scala:251) ~[scala-library-2.10.2.jar:na]
	at scala.collection.mutable.ResizableArray$class.foreach(ResizableArray.scala:59) ~[scala-library-2.10.2.jar:na]
	at scala.collection.mutable.ArrayBuffer.foreach(ArrayBuffer.scala:47) ~[scala-library-2.10.2.jar:na]
	at scala.collection.TraversableLike$class.flatMap(TraversableLike.scala:251) ~[scala-library-2.10.2.jar:na]
	at scala.collection.AbstractTraversable.flatMap(Traversable.scala:105) ~[scala-library-2.10.2.jar:na]
	at play.PlayAssetsCompiler$$anonfun$AssetsCompiler$1.apply(PlayAssetsCompiler.scala:48) ~[na:na]
	at play.PlayAssetsCompiler$$anonfun$AssetsCompiler$1.apply(PlayAssetsCompiler.scala:21) ~[na:na]
	at scala.Function7$$anonfun$tupled$1.apply(Function7.scala:35) ~[scala-library-2.10.2.jar:na]
	at scala.Function7$$anonfun$tupled$1.apply(Function7.scala:34) ~[scala-library-2.10.2.jar:na]
	at scala.Function1$$anonfun$compose$1.apply(Function1.scala:47) ~[scala-library-2.10.2.jar:na]
	at sbt.$tilde$greater$$anonfun$$u2219$1.apply(TypeFunctions.scala:40) ~[na:na]
	at sbt.std.Transform$$anon$4.work(System.scala:63) ~[na:na]
	at sbt.Execute$$anonfun$submit$1$$anonfun$apply$1.apply(Execute.scala:226) ~[na:na]
	at sbt.Execute$$anonfun$submit$1$$anonfun$apply$1.apply(Execute.scala:226) ~[na:na]
	at sbt.ErrorHandling$.wideConvert(ErrorHandling.scala:17) ~[na:na]
	at sbt.Execute.work(Execute.scala:235) ~[na:na]
	at sbt.Execute$$anonfun$submit$1.apply(Execute.scala:226) ~[na:na]
	at sbt.Execute$$anonfun$submit$1.apply(Execute.scala:226) ~[na:na]
	at sbt.ConcurrentRestrictions$$anon$4$$anonfun$1.apply(ConcurrentRestrictions.scala:159) ~[na:na]
	at sbt.CompletionService$$anon$2.call(CompletionService.scala:28) ~[na:na]
	at java.util.concurrent.FutureTask.run(FutureTask.java:266) ~[na:1.8.0_25]
	at java.util.concurrent.Executors$RunnableAdapter.call(Executors.java:511) ~[na:1.8.0_25]
	at java.util.concurrent.FutureTask.run(FutureTask.java:266) ~[na:1.8.0_25]
	at java.util.concurrent.ThreadPoolExecutor.runWorker(ThreadPoolExecutor.java:1142) [na:1.8.0_25]
	at java.util.concurrent.ThreadPoolExecutor$Worker.run(ThreadPoolExecutor.java:617) [na:1.8.0_25]
	at java.lang.Thread.run(Thread.java:745) [na:1.8.0_25]

2014-11-10 15:16:55,551 - [ERROR] - from application in New I/O worker #1 


! @6k6gibaeo - Internal server error, for (GET) [/] ->

play.PlayExceptions$AssetCompilationException: Compilation error[TypeScript compiler: Capturing the output of the command `cmd /C tsc --module amd --sourcemap --outDir C:\Users\DELTA9~1\AppData\Local\Temp\1415650612847-1 C:\D\projects\playframework-learn\puremvc-typescript-play-demo-employeeadmin\app\assets\javascripts\ApplicationFacade.ts`:C:/D/projects/playframework-learn/puremvc-typescript-play-demo-employeeadmin/app/assets/javascripts/ApplicationFacade.ts(1,1): error TS6053: File 'C:/D/projects/playframework-learn/puremvc-typescript-play-demo-employeeadmin/lib/puremvc/puremvc-typescript-standard-1.0.d.ts' not found.]
	at com.github.mumoshu.play2.typescript.TypeScriptCompiler$.compile(TypeScriptCompiler.scala:74) ~[na:na]
	at com.github.mumoshu.play2.typescript.TypeScriptSettings$$anonfun$3.apply(TypeScriptSettings.scala:19) ~[na:na]
	at com.github.mumoshu.play2.typescript.TypeScriptSettings$$anonfun$3.apply(TypeScriptSettings.scala:17) ~[na:na]
	at play.PlayAssetsCompiler$$anonfun$AssetsCompiler$1$$anonfun$3.liftedTree1$1(PlayAssetsCompiler.scala:52) ~[na:na]
	at play.PlayAssetsCompiler$$anonfun$AssetsCompiler$1$$anonfun$3.apply(PlayAssetsCompiler.scala:51) ~[na:na]
	at play.PlayAssetsCompiler$$anonfun$AssetsCompiler$1$$anonfun$3.apply(PlayAssetsCompiler.scala:48) ~[na:na]
	at scala.collection.TraversableLike$$anonfun$flatMap$1.apply(TraversableLike.scala:251) ~[scala-library-2.10.2.jar:na]
	at scala.collection.TraversableLike$$anonfun$flatMap$1.apply(TraversableLike.scala:251) ~[scala-library-2.10.2.jar:na]
	at scala.collection.mutable.ResizableArray$class.foreach(ResizableArray.scala:59) ~[scala-library-2.10.2.jar:na]
	at scala.collection.mutable.ArrayBuffer.foreach(ArrayBuffer.scala:47) ~[scala-library-2.10.2.jar:na]
	at scala.collection.TraversableLike$class.flatMap(TraversableLike.scala:251) ~[scala-library-2.10.2.jar:na]
	at scala.collection.AbstractTraversable.flatMap(Traversable.scala:105) ~[scala-library-2.10.2.jar:na]
	at play.PlayAssetsCompiler$$anonfun$AssetsCompiler$1.apply(PlayAssetsCompiler.scala:48) ~[na:na]
	at play.PlayAssetsCompiler$$anonfun$AssetsCompiler$1.apply(PlayAssetsCompiler.scala:21) ~[na:na]
	at scala.Function7$$anonfun$tupled$1.apply(Function7.scala:35) ~[scala-library-2.10.2.jar:na]
	at scala.Function7$$anonfun$tupled$1.apply(Function7.scala:34) ~[scala-library-2.10.2.jar:na]
	at scala.Function1$$anonfun$compose$1.apply(Function1.scala:47) ~[scala-library-2.10.2.jar:na]
	at sbt.$tilde$greater$$anonfun$$u2219$1.apply(TypeFunctions.scala:40) ~[na:na]
	at sbt.std.Transform$$anon$4.work(System.scala:63) ~[na:na]
	at sbt.Execute$$anonfun$submit$1$$anonfun$apply$1.apply(Execute.scala:226) ~[na:na]
	at sbt.Execute$$anonfun$submit$1$$anonfun$apply$1.apply(Execute.scala:226) ~[na:na]
	at sbt.ErrorHandling$.wideConvert(ErrorHandling.scala:17) ~[na:na]
	at sbt.Execute.work(Execute.scala:235) ~[na:na]
	at sbt.Execute$$anonfun$submit$1.apply(Execute.scala:226) ~[na:na]
	at sbt.Execute$$anonfun$submit$1.apply(Execute.scala:226) ~[na:na]
	at sbt.ConcurrentRestrictions$$anon$4$$anonfun$1.apply(ConcurrentRestrictions.scala:159) ~[na:na]
	at sbt.CompletionService$$anon$2.call(CompletionService.scala:28) ~[na:na]
	at java.util.concurrent.FutureTask.run(FutureTask.java:266) ~[na:1.8.0_25]
	at java.util.concurrent.Executors$RunnableAdapter.call(Executors.java:511) ~[na:1.8.0_25]
	at java.util.concurrent.FutureTask.run(FutureTask.java:266) ~[na:1.8.0_25]
	at java.util.concurrent.ThreadPoolExecutor.runWorker(ThreadPoolExecutor.java:1142) [na:1.8.0_25]
	at java.util.concurrent.ThreadPoolExecutor$Worker.run(ThreadPoolExecutor.java:617) [na:1.8.0_25]
	at java.lang.Thread.run(Thread.java:745) [na:1.8.0_25]

2014-11-10 15:16:57,258 - [ERROR] - from application in New I/O worker #2 


! @6k6gibfh7 - Internal server error, for (GET) [/] ->

play.PlayExceptions$AssetCompilationException: Compilation error[TypeScript compiler: Capturing the output of the command `cmd /C tsc --module amd --sourcemap --outDir C:\Users\DELTA9~1\AppData\Local\Temp\1415650615680-1 C:\D\projects\playframework-learn\puremvc-typescript-play-demo-employeeadmin\app\assets\javascripts\ApplicationFacade.ts`:C:/D/projects/playframework-learn/puremvc-typescript-play-demo-employeeadmin/app/assets/javascripts/ApplicationFacade.ts(1,1): error TS6053: File 'C:/D/projects/playframework-learn/puremvc-typescript-play-demo-employeeadmin/lib/puremvc/puremvc-typescript-standard-1.0.d.ts' not found.]
	at com.github.mumoshu.play2.typescript.TypeScriptCompiler$.compile(TypeScriptCompiler.scala:74) ~[na:na]
	at com.github.mumoshu.play2.typescript.TypeScriptSettings$$anonfun$3.apply(TypeScriptSettings.scala:19) ~[na:na]
	at com.github.mumoshu.play2.typescript.TypeScriptSettings$$anonfun$3.apply(TypeScriptSettings.scala:17) ~[na:na]
	at play.PlayAssetsCompiler$$anonfun$AssetsCompiler$1$$anonfun$3.liftedTree1$1(PlayAssetsCompiler.scala:52) ~[na:na]
	at play.PlayAssetsCompiler$$anonfun$AssetsCompiler$1$$anonfun$3.apply(PlayAssetsCompiler.scala:51) ~[na:na]
	at play.PlayAssetsCompiler$$anonfun$AssetsCompiler$1$$anonfun$3.apply(PlayAssetsCompiler.scala:48) ~[na:na]
	at scala.collection.TraversableLike$$anonfun$flatMap$1.apply(TraversableLike.scala:251) ~[scala-library-2.10.2.jar:na]
	at scala.collection.TraversableLike$$anonfun$flatMap$1.apply(TraversableLike.scala:251) ~[scala-library-2.10.2.jar:na]
	at scala.collection.mutable.ResizableArray$class.foreach(ResizableArray.scala:59) ~[scala-library-2.10.2.jar:na]
	at scala.collection.mutable.ArrayBuffer.foreach(ArrayBuffer.scala:47) ~[scala-library-2.10.2.jar:na]
	at scala.collection.TraversableLike$class.flatMap(TraversableLike.scala:251) ~[scala-library-2.10.2.jar:na]
	at scala.collection.AbstractTraversable.flatMap(Traversable.scala:105) ~[scala-library-2.10.2.jar:na]
	at play.PlayAssetsCompiler$$anonfun$AssetsCompiler$1.apply(PlayAssetsCompiler.scala:48) ~[na:na]
	at play.PlayAssetsCompiler$$anonfun$AssetsCompiler$1.apply(PlayAssetsCompiler.scala:21) ~[na:na]
	at scala.Function7$$anonfun$tupled$1.apply(Function7.scala:35) ~[scala-library-2.10.2.jar:na]
	at scala.Function7$$anonfun$tupled$1.apply(Function7.scala:34) ~[scala-library-2.10.2.jar:na]
	at scala.Function1$$anonfun$compose$1.apply(Function1.scala:47) ~[scala-library-2.10.2.jar:na]
	at sbt.$tilde$greater$$anonfun$$u2219$1.apply(TypeFunctions.scala:40) ~[na:na]
	at sbt.std.Transform$$anon$4.work(System.scala:63) ~[na:na]
	at sbt.Execute$$anonfun$submit$1$$anonfun$apply$1.apply(Execute.scala:226) ~[na:na]
	at sbt.Execute$$anonfun$submit$1$$anonfun$apply$1.apply(Execute.scala:226) ~[na:na]
	at sbt.ErrorHandling$.wideConvert(ErrorHandling.scala:17) ~[na:na]
	at sbt.Execute.work(Execute.scala:235) ~[na:na]
	at sbt.Execute$$anonfun$submit$1.apply(Execute.scala:226) ~[na:na]
	at sbt.Execute$$anonfun$submit$1.apply(Execute.scala:226) ~[na:na]
	at sbt.ConcurrentRestrictions$$anon$4$$anonfun$1.apply(ConcurrentRestrictions.scala:159) ~[na:na]
	at sbt.CompletionService$$anon$2.call(CompletionService.scala:28) ~[na:na]
	at java.util.concurrent.FutureTask.run(FutureTask.java:266) ~[na:1.8.0_25]
	at java.util.concurrent.Executors$RunnableAdapter.call(Executors.java:511) ~[na:1.8.0_25]
	at java.util.concurrent.FutureTask.run(FutureTask.java:266) ~[na:1.8.0_25]
	at java.util.concurrent.ThreadPoolExecutor.runWorker(ThreadPoolExecutor.java:1142) [na:1.8.0_25]
	at java.util.concurrent.ThreadPoolExecutor$Worker.run(ThreadPoolExecutor.java:617) [na:1.8.0_25]
	at java.lang.Thread.run(Thread.java:745) [na:1.8.0_25]

2014-11-10 15:16:59,677 - [ERROR] - from application in New I/O worker #8 


! @6k6gibj14 - Internal server error, for (GET) [/] ->

play.PlayExceptions$AssetCompilationException: Compilation error[TypeScript compiler: Capturing the output of the command `cmd /C tsc --module amd --sourcemap --outDir C:\Users\DELTA9~1\AppData\Local\Temp\1415650617493-1 C:\D\projects\playframework-learn\puremvc-typescript-play-demo-employeeadmin\app\assets\javascripts\ApplicationFacade.ts`:C:/D/projects/playframework-learn/puremvc-typescript-play-demo-employeeadmin/app/assets/javascripts/ApplicationFacade.ts(1,1): error TS6053: File 'C:/D/projects/playframework-learn/puremvc-typescript-play-demo-employeeadmin/lib/puremvc/puremvc-typescript-standard-1.0.d.ts' not found.]
	at com.github.mumoshu.play2.typescript.TypeScriptCompiler$.compile(TypeScriptCompiler.scala:74) ~[na:na]
	at com.github.mumoshu.play2.typescript.TypeScriptSettings$$anonfun$3.apply(TypeScriptSettings.scala:19) ~[na:na]
	at com.github.mumoshu.play2.typescript.TypeScriptSettings$$anonfun$3.apply(TypeScriptSettings.scala:17) ~[na:na]
	at play.PlayAssetsCompiler$$anonfun$AssetsCompiler$1$$anonfun$3.liftedTree1$1(PlayAssetsCompiler.scala:52) ~[na:na]
	at play.PlayAssetsCompiler$$anonfun$AssetsCompiler$1$$anonfun$3.apply(PlayAssetsCompiler.scala:51) ~[na:na]
	at play.PlayAssetsCompiler$$anonfun$AssetsCompiler$1$$anonfun$3.apply(PlayAssetsCompiler.scala:48) ~[na:na]
	at scala.collection.TraversableLike$$anonfun$flatMap$1.apply(TraversableLike.scala:251) ~[scala-library-2.10.2.jar:na]
	at scala.collection.TraversableLike$$anonfun$flatMap$1.apply(TraversableLike.scala:251) ~[scala-library-2.10.2.jar:na]
	at scala.collection.mutable.ResizableArray$class.foreach(ResizableArray.scala:59) ~[scala-library-2.10.2.jar:na]
	at scala.collection.mutable.ArrayBuffer.foreach(ArrayBuffer.scala:47) ~[scala-library-2.10.2.jar:na]
	at scala.collection.TraversableLike$class.flatMap(TraversableLike.scala:251) ~[scala-library-2.10.2.jar:na]
	at scala.collection.AbstractTraversable.flatMap(Traversable.scala:105) ~[scala-library-2.10.2.jar:na]
	at play.PlayAssetsCompiler$$anonfun$AssetsCompiler$1.apply(PlayAssetsCompiler.scala:48) ~[na:na]
	at play.PlayAssetsCompiler$$anonfun$AssetsCompiler$1.apply(PlayAssetsCompiler.scala:21) ~[na:na]
	at scala.Function7$$anonfun$tupled$1.apply(Function7.scala:35) ~[scala-library-2.10.2.jar:na]
	at scala.Function7$$anonfun$tupled$1.apply(Function7.scala:34) ~[scala-library-2.10.2.jar:na]
	at scala.Function1$$anonfun$compose$1.apply(Function1.scala:47) ~[scala-library-2.10.2.jar:na]
	at sbt.$tilde$greater$$anonfun$$u2219$1.apply(TypeFunctions.scala:40) ~[na:na]
	at sbt.std.Transform$$anon$4.work(System.scala:63) ~[na:na]
	at sbt.Execute$$anonfun$submit$1$$anonfun$apply$1.apply(Execute.scala:226) ~[na:na]
	at sbt.Execute$$anonfun$submit$1$$anonfun$apply$1.apply(Execute.scala:226) ~[na:na]
	at sbt.ErrorHandling$.wideConvert(ErrorHandling.scala:17) ~[na:na]
	at sbt.Execute.work(Execute.scala:235) ~[na:na]
	at sbt.Execute$$anonfun$submit$1.apply(Execute.scala:226) ~[na:na]
	at sbt.Execute$$anonfun$submit$1.apply(Execute.scala:226) ~[na:na]
	at sbt.ConcurrentRestrictions$$anon$4$$anonfun$1.apply(ConcurrentRestrictions.scala:159) ~[na:na]
	at sbt.CompletionService$$anon$2.call(CompletionService.scala:28) ~[na:na]
	at java.util.concurrent.FutureTask.run(FutureTask.java:266) ~[na:1.8.0_25]
	at java.util.concurrent.Executors$RunnableAdapter.call(Executors.java:511) ~[na:1.8.0_25]
	at java.util.concurrent.FutureTask.run(FutureTask.java:266) ~[na:1.8.0_25]
	at java.util.concurrent.ThreadPoolExecutor.runWorker(ThreadPoolExecutor.java:1142) [na:1.8.0_25]
	at java.util.concurrent.ThreadPoolExecutor$Worker.run(ThreadPoolExecutor.java:617) [na:1.8.0_25]
	at java.lang.Thread.run(Thread.java:745) [na:1.8.0_25]

2014-11-10 15:17:01,463 - [ERROR] - from application in New I/O worker #7 


! @6k6gibl6f - Internal server error, for (GET) [/] ->

play.PlayExceptions$AssetCompilationException: Compilation error[TypeScript compiler: Capturing the output of the command `cmd /C tsc --module amd --sourcemap --outDir C:\Users\DELTA9~1\AppData\Local\Temp\1415650619798-1 C:\D\projects\playframework-learn\puremvc-typescript-play-demo-employeeadmin\app\assets\javascripts\ApplicationFacade.ts`:C:/D/projects/playframework-learn/puremvc-typescript-play-demo-employeeadmin/app/assets/javascripts/ApplicationFacade.ts(1,1): error TS6053: File 'C:/D/projects/playframework-learn/puremvc-typescript-play-demo-employeeadmin/lib/puremvc/puremvc-typescript-standard-1.0.d.ts' not found.]
	at com.github.mumoshu.play2.typescript.TypeScriptCompiler$.compile(TypeScriptCompiler.scala:74) ~[na:na]
	at com.github.mumoshu.play2.typescript.TypeScriptSettings$$anonfun$3.apply(TypeScriptSettings.scala:19) ~[na:na]
	at com.github.mumoshu.play2.typescript.TypeScriptSettings$$anonfun$3.apply(TypeScriptSettings.scala:17) ~[na:na]
	at play.PlayAssetsCompiler$$anonfun$AssetsCompiler$1$$anonfun$3.liftedTree1$1(PlayAssetsCompiler.scala:52) ~[na:na]
	at play.PlayAssetsCompiler$$anonfun$AssetsCompiler$1$$anonfun$3.apply(PlayAssetsCompiler.scala:51) ~[na:na]
	at play.PlayAssetsCompiler$$anonfun$AssetsCompiler$1$$anonfun$3.apply(PlayAssetsCompiler.scala:48) ~[na:na]
	at scala.collection.TraversableLike$$anonfun$flatMap$1.apply(TraversableLike.scala:251) ~[scala-library-2.10.2.jar:na]
	at scala.collection.TraversableLike$$anonfun$flatMap$1.apply(TraversableLike.scala:251) ~[scala-library-2.10.2.jar:na]
	at scala.collection.mutable.ResizableArray$class.foreach(ResizableArray.scala:59) ~[scala-library-2.10.2.jar:na]
	at scala.collection.mutable.ArrayBuffer.foreach(ArrayBuffer.scala:47) ~[scala-library-2.10.2.jar:na]
	at scala.collection.TraversableLike$class.flatMap(TraversableLike.scala:251) ~[scala-library-2.10.2.jar:na]
	at scala.collection.AbstractTraversable.flatMap(Traversable.scala:105) ~[scala-library-2.10.2.jar:na]
	at play.PlayAssetsCompiler$$anonfun$AssetsCompiler$1.apply(PlayAssetsCompiler.scala:48) ~[na:na]
	at play.PlayAssetsCompiler$$anonfun$AssetsCompiler$1.apply(PlayAssetsCompiler.scala:21) ~[na:na]
	at scala.Function7$$anonfun$tupled$1.apply(Function7.scala:35) ~[scala-library-2.10.2.jar:na]
	at scala.Function7$$anonfun$tupled$1.apply(Function7.scala:34) ~[scala-library-2.10.2.jar:na]
	at scala.Function1$$anonfun$compose$1.apply(Function1.scala:47) ~[scala-library-2.10.2.jar:na]
	at sbt.$tilde$greater$$anonfun$$u2219$1.apply(TypeFunctions.scala:40) ~[na:na]
	at sbt.std.Transform$$anon$4.work(System.scala:63) ~[na:na]
	at sbt.Execute$$anonfun$submit$1$$anonfun$apply$1.apply(Execute.scala:226) ~[na:na]
	at sbt.Execute$$anonfun$submit$1$$anonfun$apply$1.apply(Execute.scala:226) ~[na:na]
	at sbt.ErrorHandling$.wideConvert(ErrorHandling.scala:17) ~[na:na]
	at sbt.Execute.work(Execute.scala:235) ~[na:na]
	at sbt.Execute$$anonfun$submit$1.apply(Execute.scala:226) ~[na:na]
	at sbt.Execute$$anonfun$submit$1.apply(Execute.scala:226) ~[na:na]
	at sbt.ConcurrentRestrictions$$anon$4$$anonfun$1.apply(ConcurrentRestrictions.scala:159) ~[na:na]
	at sbt.CompletionService$$anon$2.call(CompletionService.scala:28) ~[na:na]
	at java.util.concurrent.FutureTask.run(FutureTask.java:266) ~[na:1.8.0_25]
	at java.util.concurrent.Executors$RunnableAdapter.call(Executors.java:511) ~[na:1.8.0_25]
	at java.util.concurrent.FutureTask.run(FutureTask.java:266) ~[na:1.8.0_25]
	at java.util.concurrent.ThreadPoolExecutor.runWorker(ThreadPoolExecutor.java:1142) [na:1.8.0_25]
	at java.util.concurrent.ThreadPoolExecutor$Worker.run(ThreadPoolExecutor.java:617) [na:1.8.0_25]
	at java.lang.Thread.run(Thread.java:745) [na:1.8.0_25]

2014-11-10 15:17:04,313 - [ERROR] - from application in New I/O worker #1 


! @6k6gibp5b - Internal server error, for (GET) [/] ->

play.PlayExceptions$AssetCompilationException: Compilation error[TypeScript compiler: Capturing the output of the command `cmd /C tsc --module amd --sourcemap --outDir C:\Users\DELTA9~1\AppData\Local\Temp\1415650621697-1 C:\D\projects\playframework-learn\puremvc-typescript-play-demo-employeeadmin\app\assets\javascripts\ApplicationFacade.ts`:C:/D/projects/playframework-learn/puremvc-typescript-play-demo-employeeadmin/app/assets/javascripts/ApplicationFacade.ts(1,1): error TS6053: File 'C:/D/projects/playframework-learn/puremvc-typescript-play-demo-employeeadmin/lib/puremvc/puremvc-typescript-standard-1.0.d.ts' not found.]
	at com.github.mumoshu.play2.typescript.TypeScriptCompiler$.compile(TypeScriptCompiler.scala:74) ~[na:na]
	at com.github.mumoshu.play2.typescript.TypeScriptSettings$$anonfun$3.apply(TypeScriptSettings.scala:19) ~[na:na]
	at com.github.mumoshu.play2.typescript.TypeScriptSettings$$anonfun$3.apply(TypeScriptSettings.scala:17) ~[na:na]
	at play.PlayAssetsCompiler$$anonfun$AssetsCompiler$1$$anonfun$3.liftedTree1$1(PlayAssetsCompiler.scala:52) ~[na:na]
	at play.PlayAssetsCompiler$$anonfun$AssetsCompiler$1$$anonfun$3.apply(PlayAssetsCompiler.scala:51) ~[na:na]
	at play.PlayAssetsCompiler$$anonfun$AssetsCompiler$1$$anonfun$3.apply(PlayAssetsCompiler.scala:48) ~[na:na]
	at scala.collection.TraversableLike$$anonfun$flatMap$1.apply(TraversableLike.scala:251) ~[scala-library-2.10.2.jar:na]
	at scala.collection.TraversableLike$$anonfun$flatMap$1.apply(TraversableLike.scala:251) ~[scala-library-2.10.2.jar:na]
	at scala.collection.mutable.ResizableArray$class.foreach(ResizableArray.scala:59) ~[scala-library-2.10.2.jar:na]
	at scala.collection.mutable.ArrayBuffer.foreach(ArrayBuffer.scala:47) ~[scala-library-2.10.2.jar:na]
	at scala.collection.TraversableLike$class.flatMap(TraversableLike.scala:251) ~[scala-library-2.10.2.jar:na]
	at scala.collection.AbstractTraversable.flatMap(Traversable.scala:105) ~[scala-library-2.10.2.jar:na]
	at play.PlayAssetsCompiler$$anonfun$AssetsCompiler$1.apply(PlayAssetsCompiler.scala:48) ~[na:na]
	at play.PlayAssetsCompiler$$anonfun$AssetsCompiler$1.apply(PlayAssetsCompiler.scala:21) ~[na:na]
	at scala.Function7$$anonfun$tupled$1.apply(Function7.scala:35) ~[scala-library-2.10.2.jar:na]
	at scala.Function7$$anonfun$tupled$1.apply(Function7.scala:34) ~[scala-library-2.10.2.jar:na]
	at scala.Function1$$anonfun$compose$1.apply(Function1.scala:47) ~[scala-library-2.10.2.jar:na]
	at sbt.$tilde$greater$$anonfun$$u2219$1.apply(TypeFunctions.scala:40) ~[na:na]
	at sbt.std.Transform$$anon$4.work(System.scala:63) ~[na:na]
	at sbt.Execute$$anonfun$submit$1$$anonfun$apply$1.apply(Execute.scala:226) ~[na:na]
	at sbt.Execute$$anonfun$submit$1$$anonfun$apply$1.apply(Execute.scala:226) ~[na:na]
	at sbt.ErrorHandling$.wideConvert(ErrorHandling.scala:17) ~[na:na]
	at sbt.Execute.work(Execute.scala:235) ~[na:na]
	at sbt.Execute$$anonfun$submit$1.apply(Execute.scala:226) ~[na:na]
	at sbt.Execute$$anonfun$submit$1.apply(Execute.scala:226) ~[na:na]
	at sbt.ConcurrentRestrictions$$anon$4$$anonfun$1.apply(ConcurrentRestrictions.scala:159) ~[na:na]
	at sbt.CompletionService$$anon$2.call(CompletionService.scala:28) ~[na:na]
	at java.util.concurrent.FutureTask.run(FutureTask.java:266) ~[na:1.8.0_25]
	at java.util.concurrent.Executors$RunnableAdapter.call(Executors.java:511) ~[na:1.8.0_25]
	at java.util.concurrent.FutureTask.run(FutureTask.java:266) ~[na:1.8.0_25]
	at java.util.concurrent.ThreadPoolExecutor.runWorker(ThreadPoolExecutor.java:1142) [na:1.8.0_25]
	at java.util.concurrent.ThreadPoolExecutor$Worker.run(ThreadPoolExecutor.java:617) [na:1.8.0_25]
	at java.lang.Thread.run(Thread.java:745) [na:1.8.0_25]

